<?xml version="1.0" encoding="UTF-8"?>
<!-- Generated by org.testng.reporters.JUnitReportReporter -->
<testsuite hostname="DESKTOP-975I42U" failures="0" tests="4" name="TestNG.Sample2" time="0.019" errors="0" timestamp="2023-08-08T20:40:21 IST" skipped="0">
  <testcase classname="TestNG.Sample2" name="TC4" time="0.003">
    <system-out>
      <![CDATA[running TC4]]>
    </system-out>
  </testcase> <!-- TC4 -->
  <testcase classname="TestNG.Sample2" name="TC6" time="0.004">
    <system-out>
      <![CDATA[running TC6]]>
    </system-out>
  </testcase> <!-- TC6 -->
  <testcase classname="TestNG.Sample2" name="TC7" time="0.008">
    <system-out>
      <![CDATA[running TC7]]>
    </system-out>
  </testcase> <!-- TC7 -->
  <testcase classname="TestNG.Sample2" name="TC5" time="0.004">
    <system-out>
      <![CDATA[running TC5]]>
    </system-out>
  </testcase> <!-- TC5 -->
  <system-out>
    <![CDATA[running TC1
running TC2
running TC3
running TC4
running TC5
running TC6
running TC7
running TC10
running TC8
running TC9]]>
  </system-out>
</testsuite> <!-- TestNG.Sample2 -->
