<?xml version="1.0" encoding="UTF-8"?>
<!-- Generated by org.testng.reporters.JUnitReportReporter -->
<testsuite hostname="DESKTOP-975I42U" failures="0" tests="1" name="DDF_POM_TestNG_BaseClass_UtilityClass.GitHubTest" time="15.842" errors="0" timestamp="2023-08-11T17:50:55 IST" skipped="0">
  <testcase classname="DDF_POM_TestNG_BaseClass_UtilityClass.GitHubTest" name="test" time="15.842"/>
</testsuite> <!-- DDF_POM_TestNG_BaseClass_UtilityClass.GitHubTest -->
