<?xml version="1.0" encoding="UTF-8"?>
<!-- Generated by org.testng.reporters.JUnitReportReporter -->
<testsuite hostname="DESKTOP-975I42U" failures="0" tests="3" name="TestNG.TestNG_Group" time="0.031" errors="0" timestamp="2023-08-25T13:26:37 IST" skipped="0">
  <testcase classname="TestNG.TestNG_Group" name="TestCase2" time="0.022">
    <system-out>
      <![CDATA[Running Test Case 2]]>
    </system-out>
  </testcase> <!-- TestCase2 -->
  <testcase classname="TestNG.TestNG_Group" name="TestCase5" time="0.005">
    <system-out>
      <![CDATA[Running Test Case 5]]>
    </system-out>
  </testcase> <!-- TestCase5 -->
  <testcase classname="TestNG.TestNG_Group" name="TestCase6" time="0.004">
    <system-out>
      <![CDATA[Running Test Case 6]]>
    </system-out>
  </testcase> <!-- TestCase6 -->
  <system-out>
    <![CDATA[Running Test Case 2
Running Test Case 5
Running Test Case 6]]>
  </system-out>
</testsuite> <!-- TestNG.TestNG_Group -->
