<?xml version="1.0" encoding="UTF-8"?>
<!-- Generated by org.testng.reporters.JUnitReportReporter -->
<testsuite hostname="DESKTOP-975I42U" failures="0" tests="1" name="Practice.Subtract" time="0.005" errors="0" timestamp="2023-08-25T19:04:48 IST" skipped="0">
  <testcase classname="Practice.Subtract" name="subtract" time="0.005"/>
</testsuite> <!-- Practice.Subtract -->
