<?xml version="1.0" encoding="UTF-8"?>
<!-- Generated by org.testng.reporters.JUnitReportReporter -->
<testsuite hostname="DESKTOP-975I42U" failures="0" tests="1" name="TestNG.TestNG_TestClass" time="0.022" errors="0" timestamp="2023-08-04T13:05:35 IST" skipped="0">
  <testcase classname="TestNG.TestNG_TestClass" name="Test" time="0.022">
    <system-out>
      <![CDATA[Running Test Method
Running Test Method]]>
    </system-out>
  </testcase> <!-- Test -->
  <system-out>
    <![CDATA[Running Test Method
Running Test Method]]>
  </system-out>
</testsuite> <!-- TestNG.TestNG_TestClass -->
