<?xml version="1.0" encoding="UTF-8"?>
<!-- Generated by org.testng.reporters.JUnitReportReporter -->
<testsuite hostname="DESKTOP-975I42U" failures="0" tests="3" name="TestNG.Sample1" time="0.027" errors="0" timestamp="2023-08-08T20:40:21 IST" skipped="0">
  <testcase classname="TestNG.Sample1" name="TC1" time="0.019">
    <system-out>
      <![CDATA[running TC1]]>
    </system-out>
  </testcase> <!-- TC1 -->
  <testcase classname="TestNG.Sample1" name="TC2" time="0.005">
    <system-out>
      <![CDATA[running TC2]]>
    </system-out>
  </testcase> <!-- TC2 -->
  <testcase classname="TestNG.Sample1" name="TC3" time="0.003">
    <system-out>
      <![CDATA[running TC3]]>
    </system-out>
  </testcase> <!-- TC3 -->
  <system-out>
    <![CDATA[running TC1
running TC2
running TC3
running TC4
running TC5
running TC6
running TC7
running TC10
running TC8
running TC9]]>
  </system-out>
</testsuite> <!-- TestNG.Sample1 -->
