<?xml version="1.0" encoding="UTF-8"?>
<!-- Generated by org.testng.reporters.JUnitReportReporter -->
<testsuite hostname="DESKTOP-975I42U" failures="0" tests="1" name="Practice.Sum" time="0.033" errors="0" timestamp="2023-08-25T19:04:48 IST" skipped="0">
  <testcase classname="Practice.Sum" name="add" time="0.033"/>
</testsuite> <!-- Practice.Sum -->
