<?xml version="1.0" encoding="UTF-8"?>
<!-- Generated by org.testng.reporters.JUnitReportReporter -->
<testsuite hostname="DESKTOP-975I42U" failures="0" tests="10" name="TestNG.xmlfile.TestNG_xml" time="0.073" errors="0" timestamp="2023-08-08T11:54:26 IST" skipped="0">
  <testcase classname="TestNG.xmlfile.TestNG_xml" name="TC1" time="0.003">
    <system-out>
      <![CDATA[Running TC1]]>
    </system-out>
  </testcase> <!-- TC1 -->
  <testcase classname="TestNG.xmlfile.TestNG_xml" name="TC1" time="0.023">
    <system-out>
      <![CDATA[Running TC1]]>
    </system-out>
  </testcase> <!-- TC1 -->
  <testcase classname="TestNG.xmlfile.TestNG_xml" name="TC1" time="0.004">
    <system-out>
      <![CDATA[Running TC1]]>
    </system-out>
  </testcase> <!-- TC1 -->
  <testcase classname="TestNG.xmlfile.TestNG_xml" name="TC1" time="0.004">
    <system-out>
      <![CDATA[Running TC1]]>
    </system-out>
  </testcase> <!-- TC1 -->
  <testcase classname="TestNG.xmlfile.TestNG_xml" name="TC1" time="0.004">
    <system-out>
      <![CDATA[Running TC1]]>
    </system-out>
  </testcase> <!-- TC1 -->
  <testcase classname="TestNG.xmlfile.TestNG_xml" name="TC1" time="0.018">
    <system-out>
      <![CDATA[Running TC1]]>
    </system-out>
  </testcase> <!-- TC1 -->
  <testcase classname="TestNG.xmlfile.TestNG_xml" name="TC1" time="0.003">
    <system-out>
      <![CDATA[Running TC1]]>
    </system-out>
  </testcase> <!-- TC1 -->
  <testcase classname="TestNG.xmlfile.TestNG_xml" name="TC1" time="0.005">
    <system-out>
      <![CDATA[Running TC1]]>
    </system-out>
  </testcase> <!-- TC1 -->
  <testcase classname="TestNG.xmlfile.TestNG_xml" name="TC1" time="0.005">
    <system-out>
      <![CDATA[Running TC1]]>
    </system-out>
  </testcase> <!-- TC1 -->
  <testcase classname="TestNG.xmlfile.TestNG_xml" name="TC1" time="0.004">
    <system-out>
      <![CDATA[Running TC1]]>
    </system-out>
  </testcase> <!-- TC1 -->
  <system-out>
    <![CDATA[Running TC1
Running TC1
Running TC1
Running TC1
Running TC1
Running TC1
Running TC1
Running TC1
Running TC1
Running TC1]]>
  </system-out>
</testsuite> <!-- TestNG.xmlfile.TestNG_xml -->
