<?xml version="1.0" encoding="UTF-8"?>
<!-- Generated by org.testng.reporters.JUnitReportReporter -->
<testsuite hostname="DESKTOP-975I42U" failures="0" tests="1" name="TestNG.TestNG_TestClass$testNG" time="0.024" errors="0" timestamp="2023-08-04T19:31:19 IST" skipped="0">
  <testcase classname="TestNG.TestNG_TestClass$testNG" name="test" time="0.024">
    <system-out>
      <![CDATA[running test method
running test method]]>
    </system-out>
  </testcase> <!-- test -->
  <system-out>
    <![CDATA[running test method
running test method]]>
  </system-out>
</testsuite> <!-- TestNG.TestNG_TestClass$testNG -->
