<?xml version="1.0" encoding="UTF-8"?>
<!-- Generated by org.testng.reporters.JUnitReportReporter -->
<testsuite hostname="DESKTOP-975I42U" failures="0" tests="3" name="TestNG.TestNG_KeyWords" time="0.040" errors="0" timestamp="2023-08-24T13:36:05 IST" skipped="0">
  <testcase classname="TestNG.TestNG_KeyWords" name="TC4" time="0.006">
    <system-out>
      <![CDATA[Running TC4]]>
    </system-out>
  </testcase> <!-- TC4 -->
  <testcase classname="TestNG.TestNG_KeyWords" name="TC3" time="0.027">
    <system-out>
      <![CDATA[Running TC3]]>
    </system-out>
  </testcase> <!-- TC3 -->
  <testcase classname="TestNG.TestNG_KeyWords" name="TC2" time="0.007">
    <system-out>
      <![CDATA[running TC2]]>
    </system-out>
  </testcase> <!-- TC2 -->
  <system-out>
    <![CDATA[Running TC3
Running TC4
running TC2]]>
  </system-out>
</testsuite> <!-- TestNG.TestNG_KeyWords -->
