<?xml version="1.0" encoding="UTF-8"?>
<!-- Generated by org.testng.reporters.JUnitReportReporter -->
<testsuite hostname="DESKTOP-975I42U" failures="0" tests="1" name="TestNG.Sample3" time="0.020" errors="0" timestamp="2023-08-08T20:47:32 IST" skipped="0">
  <testcase classname="TestNG.Sample3" name="TC10" time="0.020">
    <system-out>
      <![CDATA[running TC10]]>
    </system-out>
  </testcase> <!-- TC10 -->
  <system-out>
    <![CDATA[running TC10]]>
  </system-out>
</testsuite> <!-- TestNG.Sample3 -->
